{"level":"debug","message":"Mensaje de prueba - Debug","timestamp":"2023-11-13T23:58:42.743Z"}
{"level":"http","message":"Mensaje de prueba - Http","timestamp":"2023-11-13T23:58:42.749Z"}
{"level":"info","message":"Mensaje de prueba - Info","timestamp":"2023-11-13T23:58:42.749Z"}
{"level":"warning","message":"Mensaje de prueba - Warning","timestamp":"2023-11-13T23:58:42.750Z"}
{"level":"error","message":"Mensaje de prueba - Error","timestamp":"2023-11-13T23:58:42.750Z"}
{"level":"debug","message":"Mensaje de prueba - Debug","timestamp":"2023-11-14T00:01:23.362Z"}
{"level":"http","message":"Mensaje de prueba - Http","timestamp":"2023-11-14T00:01:23.366Z"}
{"level":"info","message":"Mensaje de prueba - Info","timestamp":"2023-11-14T00:01:23.367Z"}
{"level":"warning","message":"Mensaje de prueba - Warning","timestamp":"2023-11-14T00:01:23.367Z"}
{"level":"error","message":"Mensaje de prueba - Error","timestamp":"2023-11-14T00:01:23.368Z"}
{"level":"info","message":"Servidor funcionando","timestamp":"2023-12-06T22:49:13.206Z"}
{"level":"info","message":"BD conectada","timestamp":"2023-12-06T22:49:14.502Z"}
{"level":"info","message":"Servidor funcionando","timestamp":"2023-12-06T23:26:30.306Z"}
{"level":"info","message":"BD conectada","timestamp":"2023-12-06T23:26:31.528Z"}
{"level":"info","message":"Servidor funcionando","timestamp":"2023-12-06T23:28:47.239Z"}
{"level":"info","message":"BD conectada","timestamp":"2023-12-06T23:28:48.839Z"}
{"level":"info","message":"Servidor funcionando","timestamp":"2023-12-06T23:33:15.836Z"}
{"level":"info","message":"BD conectada","timestamp":"2023-12-06T23:33:16.963Z"}
{"level":"info","message":"Servidor funcionando","timestamp":"2023-12-06T23:35:41.871Z"}
{"level":"info","message":"BD conectada","timestamp":"2023-12-06T23:35:43.117Z"}
{"level":"info","message":"Servidor funcionando","timestamp":"2023-12-06T23:36:20.855Z"}
{"level":"info","message":"BD conectada","timestamp":"2023-12-06T23:36:22.031Z"}
{"level":"debug","message":"Mensaje de prueba - Debug","timestamp":"2023-12-06T23:46:44.721Z"}
{"level":"http","message":"Mensaje de prueba - Http","timestamp":"2023-12-06T23:46:44.727Z"}
{"level":"info","message":"Mensaje de prueba - Info","timestamp":"2023-12-06T23:46:44.729Z"}
{"level":"warning","message":"Mensaje de prueba - Warning","timestamp":"2023-12-06T23:46:44.730Z"}
{"level":"error","message":"Mensaje de prueba - Error","timestamp":"2023-12-06T23:46:44.731Z"}
{"level":"info","message":"Servidor funcionando","timestamp":"2023-12-06T23:48:26.975Z"}
{"level":"info","message":"BD conectada","timestamp":"2023-12-06T23:48:28.201Z"}
{"level":"info","message":"Servidor funcionando","timestamp":"2023-12-06T23:50:57.265Z"}
{"level":"info","message":"BD conectada","timestamp":"2023-12-06T23:50:58.897Z"}
{"level":"debug","message":"Mensaje de prueba - Debug","timestamp":"2023-12-06T23:50:59.115Z"}
{"level":"http","message":"Mensaje de prueba - Http","timestamp":"2023-12-06T23:50:59.121Z"}
{"level":"info","message":"Mensaje de prueba - Info","timestamp":"2023-12-06T23:50:59.124Z"}
{"level":"warning","message":"Mensaje de prueba - Warn","timestamp":"2023-12-06T23:50:59.124Z"}
{"level":"error","message":"Mensaje de prueba - Error","timestamp":"2023-12-06T23:50:59.125Z"}
{"level":"info","message":"Servidor funcionando","timestamp":"2023-12-06T23:52:19.456Z"}
{"level":"info","message":"BD conectada","timestamp":"2023-12-06T23:52:20.835Z"}
{"level":"http","message":"Mensaje de prueba - Http","timestamp":"2023-12-06T23:52:21.025Z"}
{"level":"info","message":"Mensaje de prueba - Info","timestamp":"2023-12-06T23:52:21.027Z"}
{"level":"warning","message":"Mensaje de prueba - Warn","timestamp":"2023-12-06T23:52:21.028Z"}
{"level":"error","message":"Mensaje de prueba - Error","timestamp":"2023-12-06T23:52:21.029Z"}
{"level":"error","message":{"error":"Error al hacer test para crear un producto: ReferenceError: cookie is not defined"},"timestamp":"2023-12-16T02:39:16.871Z"}
{"level":"error","message":"Error al hacer test para actualizar un producto: ReferenceError: getProductCreated is not defined","timestamp":"2023-12-16T02:39:16.878Z"}
{"level":"error","message":{"error":"Error al hacer test para crear un producto: ReferenceError: cookie is not defined"},"timestamp":"2023-12-16T02:41:09.925Z"}
{"level":"error","message":"Error al hacer test para actualizar un producto: ReferenceError: getProductCreated is not defined","timestamp":"2023-12-16T02:41:09.931Z"}
{"level":"error","message":{"error":"Error al hacer test para crear un producto: ReferenceError: cookie is not defined"},"timestamp":"2023-12-16T02:46:59.009Z"}
{"level":"error","message":"Error al hacer test para actualizar un producto: ReferenceError: getProductCreated is not defined","timestamp":"2023-12-16T02:46:59.016Z"}
{"level":"error","message":{"error":"Error al hacer test para crear un producto: ReferenceError: cookie is not defined"},"timestamp":"2023-12-16T02:50:12.742Z"}
{"level":"error","message":"Error al hacer test para actualizar un producto: ReferenceError: getProductCreated is not defined","timestamp":"2023-12-16T02:50:12.746Z"}
{"level":"error","message":{"error":"Error al hacer test para crear un producto: ReferenceError: cookie is not defined"},"timestamp":"2023-12-16T02:54:34.479Z"}
{"level":"error","message":"Error al hacer test para actualizar un producto: ReferenceError: getProductCreated is not defined","timestamp":"2023-12-16T02:54:34.487Z"}
{"level":"error","message":{"error":"Error al hacer test para crear un producto: ReferenceError: cookie is not defined"},"timestamp":"2023-12-16T03:00:29.961Z"}
{"level":"error","message":"Error al hacer test para actualizar un producto: ReferenceError: getProductCreated is not defined","timestamp":"2023-12-16T03:00:29.973Z"}
{"level":"error","message":{"error":"Error al hacer test para crear un producto: ReferenceError: cookie is not defined"},"timestamp":"2023-12-16T03:10:41.855Z"}
{"level":"error","message":"Error al hacer test para actualizar un producto: ReferenceError: getProductCreated is not defined","timestamp":"2023-12-16T03:10:41.863Z"}
{"level":"error","message":{"error":"Error al hacer test para crear un producto: ReferenceError: cookie is not defined"},"timestamp":"2023-12-16T03:12:55.587Z"}
{"level":"error","message":"Error al hacer test para actualizar un producto: ReferenceError: getProductCreated is not defined","timestamp":"2023-12-16T03:12:55.594Z"}
{"level":"error","message":{"error":"Error al hacer test para crear un producto: ReferenceError: cookie is not defined"},"timestamp":"2023-12-16T03:18:53.369Z"}
{"level":"error","message":"Error al hacer test para actualizar un producto: ReferenceError: getProductCreated is not defined","timestamp":"2023-12-16T03:18:53.374Z"}
{"level":"error","message":{"error":"Error al hacer test para crear un producto: ReferenceError: cookie is not defined"},"timestamp":"2023-12-16T03:21:20.312Z"}
{"level":"error","message":"Error al hacer test para actualizar un producto: ReferenceError: getProductCreated is not defined","timestamp":"2023-12-16T03:21:20.320Z"}
{"level":"error","message":{"error":"Error al hacer test para crear un producto: ReferenceError: cookie is not defined"},"timestamp":"2023-12-16T03:23:20.839Z"}
{"level":"error","message":"Error al hacer test para actualizar un producto: ReferenceError: getProductCreated is not defined","timestamp":"2023-12-16T03:23:20.849Z"}
{"level":"error","message":{"error":"Error al hacer test para crear un producto: ReferenceError: cookie is not defined"},"timestamp":"2023-12-16T03:28:51.177Z"}
{"level":"error","message":"Error al hacer test para actualizar un producto: ReferenceError: getProductCreated is not defined","timestamp":"2023-12-16T03:28:51.184Z"}
{"level":"error","message":{"error":"Error al hacer test para crear un producto: ReferenceError: cookie is not defined"},"timestamp":"2023-12-16T03:31:32.567Z"}
{"level":"error","message":"Error al hacer test para actualizar un producto: ReferenceError: getProductCreated is not defined","timestamp":"2023-12-16T03:31:32.574Z"}
{"level":"error","message":{"error":"Error al hacer test para crear un producto: ReferenceError: cookie is not defined"},"timestamp":"2023-12-16T03:35:34.836Z"}
{"level":"error","message":"Error al hacer test para actualizar un producto: ReferenceError: getProductCreated is not defined","timestamp":"2023-12-16T03:35:34.842Z"}
{"level":"error","message":{"error":"Error al hacer test para crear un producto: ReferenceError: cookie is not defined"},"timestamp":"2023-12-16T03:37:13.811Z"}
{"level":"error","message":"Error al hacer test para actualizar un producto: ReferenceError: getProductCreated is not defined","timestamp":"2023-12-16T03:37:13.817Z"}
{"level":"error","message":{"error":"Error al hacer test para crear un nuevo carrito: ReferenceError: cookie is not defined"},"timestamp":"2023-12-16T03:43:09.387Z"}
{"level":"error","message":{"error":"Error al cargar productos en el carrito: ReferenceError: cookie is not defined"},"timestamp":"2023-12-16T03:43:09.395Z"}
{"level":"error","message":{"error":"Error al comprar el carrito: ReferenceError: cookie is not defined"},"timestamp":"2023-12-16T03:43:09.399Z"}
{"level":"error","message":{"error":"Error al hacer test para iniciar sessión con un usuario: AssertionError: expected undefined to equal 'Inicio de session exitoso'"},"timestamp":"2023-12-16T03:43:41.187Z"}
{"level":"error","message":{"error":"Error al hacer test para registrar un usuario: AssertionError: expected undefined to equal 'Usuario creado satisfactoriamente'"},"timestamp":"2023-12-16T03:43:41.529Z"}
{"level":"error","message":{"error":"Error al hacer test para cerra la sessión del usuario: AssertionError: expected undefined to equal 'Sesión cerrada con éxito'"},"timestamp":"2023-12-16T03:43:41.835Z"}
{"level":"error","message":{"error":"Error al hacer test para registrar un usuario: AssertionError: expected undefined to equal 'Usuario creado satisfactoriamente'"},"timestamp":"2023-12-16T03:45:05.705Z"}
{"level":"error","message":{"error":"Error al hacer test para cerra la sessión del usuario: AssertionError: expected undefined to equal 'Sesión cerrada con éxito'"},"timestamp":"2023-12-16T03:45:08.119Z"}
{"level":"error","message":{"error":"Error al hacer test para iniciar sessión con un usuario: AssertionError: expected undefined to equal 'Inicio de session exitoso'"},"timestamp":"2023-12-16T03:45:08.262Z"}
{"level":"error","message":{"error":"Error al hacer test para registrar un usuario: AssertionError: expected undefined to equal 'Usuario creado satisfactoriamente'"},"timestamp":"2023-12-16T03:48:27.697Z"}
{"level":"error","message":{"error":"Error al hacer test para cerra la sessión del usuario: AssertionError: expected 'Ha finalizado la sessión' to equal 'Sesión cerrada con éxito'"},"timestamp":"2023-12-16T03:48:30.713Z"}
{"level":"error","message":{"error":"Error al hacer test para iniciar sessión con un usuario: AssertionError: expected undefined to equal 'Inicio de session exitoso'"},"timestamp":"2023-12-16T03:48:31.013Z"}
{"level":"error","message":{"error":"Error al hacer test para registrar un usuario: AssertionError: expected undefined to equal 'Usuario creado satisfactoriamente'"},"timestamp":"2023-12-16T03:56:45.994Z"}
{"level":"error","message":{"error":"Error al hacer test para cerra la sessión del usuario: AssertionError: expected 'Ha finalizado la sessión' to equal 'Sesión cerrada con éxito'"},"timestamp":"2023-12-16T03:56:49.480Z"}
{"level":"error","message":{"error":"Error al hacer test para iniciar sessión con un usuario: AssertionError: expected undefined to equal 'Inicio de session exitoso'"},"timestamp":"2023-12-16T03:56:49.808Z"}
{"level":"error","message":{"error":"Error al hacer test para registrar un usuario: AssertionError: expected undefined to equal 'Usuario creado satisfactoriamente'"},"timestamp":"2023-12-16T03:58:46.117Z"}
{"level":"error","message":{"error":"Error al hacer test para iniciar sessión con un usuario: AssertionError: expected undefined to equal 'Inicio de session exitoso'"},"timestamp":"2023-12-16T03:58:49.820Z"}
{"level":"error","message":{"error":"Error al hacer test para cerra la sessión del usuario: AssertionError: expected 'Ha finalizado la sessión' to equal 'Sesión cerrada con éxito'"},"timestamp":"2023-12-16T03:58:49.838Z"}
{"level":"error","message":{"error":"Error al hacer test para crear un producto: ReferenceError: cookie is not defined"},"timestamp":"2023-12-17T17:03:05.238Z"}
{"level":"error","message":"Error al hacer test para actualizar un producto: ReferenceError: getProductCreated is not defined","timestamp":"2023-12-17T17:03:05.255Z"}
{"level":"error","message":{"error":"Error al hacer test para crear un producto: ReferenceError: cookie is not defined"},"timestamp":"2023-12-17T17:05:16.079Z"}
{"level":"error","message":"Error al hacer test para actualizar un producto: ReferenceError: getProductCreated is not defined","timestamp":"2023-12-17T17:05:16.086Z"}
{"level":"error","message":{"error":"Error al hacer test para crear un producto: ReferenceError: token is not defined"},"timestamp":"2023-12-17T17:11:26.459Z"}
{"level":"error","message":"Error al hacer test para actualizar un producto: ReferenceError: getProductCreated is not defined","timestamp":"2023-12-17T17:11:26.466Z"}
{"level":"error","message":{"error":"Error al hacer test para crear un producto: ReferenceError: token is not defined"},"timestamp":"2023-12-17T17:12:42.195Z"}
{"level":"error","message":"Error al hacer test para actualizar un producto: ReferenceError: getProductCreated is not defined","timestamp":"2023-12-17T17:12:42.203Z"}
{"level":"error","message":{"error":"Error al hacer test para crear un producto: ReferenceError: token is not defined"},"timestamp":"2023-12-17T17:14:04.980Z"}
{"level":"error","message":"Error al hacer test para actualizar un producto: ReferenceError: getProductCreated is not defined","timestamp":"2023-12-17T17:14:04.993Z"}
{"level":"error","message":{"error":"Error al hacer test para crear un producto: ReferenceError: token is not defined"},"timestamp":"2023-12-17T17:18:21.492Z"}
{"level":"error","message":"Error al hacer test para actualizar un producto: ReferenceError: getProductCreated is not defined","timestamp":"2023-12-17T17:18:21.503Z"}
{"level":"error","message":{"error":"Error al hacer test para crear un producto: ReferenceError: token is not defined"},"timestamp":"2023-12-17T17:24:11.798Z"}
{"level":"error","message":"Error al hacer test para actualizar un producto: ReferenceError: getProductCreated is not defined","timestamp":"2023-12-17T17:24:11.810Z"}
{"level":"error","message":{"error":"Error al hacer test para crear un producto: AssertionError: expected undefined to be an object"},"timestamp":"2023-12-17T17:29:12.024Z"}
{"level":"error","message":"Error al hacer test para actualizar un producto: ReferenceError: getProductCreated is not defined","timestamp":"2023-12-17T17:29:12.036Z"}
{"level":"error","message":{"error":"Error al hacer test para crear un producto: AssertionError: expected undefined to be an object"},"timestamp":"2023-12-17T17:31:35.897Z"}
{"level":"error","message":"Error al hacer test para actualizar un producto: ReferenceError: getProductCreated is not defined","timestamp":"2023-12-17T17:31:35.909Z"}
{"level":"error","message":{"error":"Error al hacer test para crear un producto: AssertionError: expected 401 to equal 200"},"timestamp":"2023-12-17T17:36:00.675Z"}
{"level":"error","message":"Error al hacer test para actualizar un producto: ReferenceError: getProductCreated is not defined","timestamp":"2023-12-17T17:36:00.687Z"}
{"level":"error","message":{"error":"Error al hacer test para crear un producto: AssertionError: expected 401 to equal 200"},"timestamp":"2023-12-17T17:39:13.355Z"}
{"level":"error","message":"Error al hacer test para actualizar un producto: ReferenceError: getProductCreated is not defined","timestamp":"2023-12-17T17:39:13.364Z"}
{"level":"error","message":{"error":"Error al hacer test para crear un producto: AssertionError: expected 401 to equal 200"},"timestamp":"2023-12-17T17:43:26.968Z"}
{"level":"error","message":"Error al hacer test para actualizar un producto: ReferenceError: getProductCreated is not defined","timestamp":"2023-12-17T17:43:26.978Z"}
{"level":"error","message":{"error":"Error al hacer test para crear un producto: AssertionError: expected 401 to equal 200"},"timestamp":"2023-12-17T17:45:33.228Z"}
{"level":"error","message":"Error al hacer test para actualizar un producto: ReferenceError: getProductCreated is not defined","timestamp":"2023-12-17T17:45:33.241Z"}
{"level":"error","message":{"error":"Error al hacer test para crear un producto: AssertionError: expected 401 to equal 200"},"timestamp":"2023-12-17T17:49:43.655Z"}
{"level":"error","message":"Error al hacer test para actualizar un producto: ReferenceError: getProductCreated is not defined","timestamp":"2023-12-17T17:49:43.668Z"}
{"level":"error","message":{"error":"Error al hacer test para crear un producto: AssertionError: expected 401 to equal 200"},"timestamp":"2023-12-17T17:53:39.838Z"}
{"level":"error","message":"Error al hacer test para actualizar un producto: ReferenceError: getProductCreated is not defined","timestamp":"2023-12-17T17:53:39.848Z"}
{"level":"error","message":{"error":"Error al hacer test para crear un producto: AssertionError: expected 401 to equal 200"},"timestamp":"2023-12-17T17:56:52.043Z"}
{"level":"error","message":"Error al hacer test para actualizar un producto: ReferenceError: getProductCreated is not defined","timestamp":"2023-12-17T17:56:52.051Z"}
{"level":"error","message":{"error":"Error al hacer test para crear un producto: AssertionError: expected 401 to equal 200"},"timestamp":"2023-12-17T18:00:00.020Z"}
{"level":"error","message":"Error al hacer test para actualizar un producto: ReferenceError: getProductCreated is not defined","timestamp":"2023-12-17T18:00:00.036Z"}
{"level":"error","message":{"error":"Error al hacer test para crear un producto: AssertionError: expected 401 to equal 200"},"timestamp":"2023-12-17T18:01:00.668Z"}
{"level":"error","message":"Error al hacer test para actualizar un producto: ReferenceError: getProductCreated is not defined","timestamp":"2023-12-17T18:01:00.678Z"}
{"level":"error","message":{"error":"Error al hacer test para crear un producto: AssertionError: expected undefined to be an object"},"timestamp":"2023-12-17T18:10:30.627Z"}
{"level":"error","message":"Error al hacer test para actualizar un producto: ReferenceError: getProductCreated is not defined","timestamp":"2023-12-17T18:10:30.639Z"}
{"level":"error","message":{"error":"Error al hacer test para crear un producto: AssertionError: expected undefined to be an object"},"timestamp":"2023-12-17T18:14:03.011Z"}
{"level":"error","message":"Error al hacer test para actualizar un producto: ReferenceError: getProductCreated is not defined","timestamp":"2023-12-17T18:14:03.020Z"}
{"level":"error","message":{"error":"Error al hacer test para crear un producto: AssertionError: expected undefined to be an object"},"timestamp":"2023-12-17T18:22:26.205Z"}
{"level":"error","message":"Error al hacer test para actualizar un producto: ReferenceError: getProductCreated is not defined","timestamp":"2023-12-17T18:22:26.214Z"}
{"level":"error","message":{"error":"Error al hacer test para crear un producto: ReferenceError: token is not defined"},"timestamp":"2023-12-17T18:27:19.849Z"}
{"level":"error","message":"Error al hacer test para actualizar un producto: ReferenceError: getProductCreated is not defined","timestamp":"2023-12-17T18:27:19.860Z"}
{"level":"error","message":{"error":"Error al hacer test para crear un producto: TypeError: Cannot read properties of undefined (reading 'value')"},"timestamp":"2023-12-17T18:29:44.583Z"}
{"level":"error","message":"Error al hacer test para actualizar un producto: ReferenceError: getProductCreated is not defined","timestamp":"2023-12-17T18:29:44.594Z"}
{"level":"error","message":{"error":"Error al hacer test para crear un producto: TypeError: Cannot read properties of undefined (reading 'value')"},"timestamp":"2023-12-17T18:31:50.394Z"}
{"level":"error","message":"Error al hacer test para actualizar un producto: ReferenceError: getProductCreated is not defined","timestamp":"2023-12-17T18:31:50.405Z"}
{"level":"error","message":{"error":"Error al hacer test para crear un producto: TypeError: Cannot read properties of undefined (reading 'value')"},"timestamp":"2023-12-17T18:33:59.517Z"}
{"level":"error","message":"Error al hacer test para actualizar un producto: ReferenceError: getProductCreated is not defined","timestamp":"2023-12-17T18:33:59.527Z"}
{"level":"error","message":{"error":"Error al hacer test para crear un producto: TypeError: Cannot read properties of undefined (reading 'value')"},"timestamp":"2023-12-17T18:36:18.239Z"}
{"level":"error","message":"Error al hacer test para actualizar un producto: ReferenceError: getProductCreated is not defined","timestamp":"2023-12-17T18:36:18.250Z"}
{"level":"error","message":{"error":"Error al hacer test para crear un producto: TypeError: Cannot read properties of undefined (reading 'value')"},"timestamp":"2023-12-17T18:39:05.386Z"}
{"level":"error","message":"Error al hacer test para actualizar un producto: ReferenceError: getProductCreated is not defined","timestamp":"2023-12-17T18:39:05.394Z"}
{"level":"error","message":{"error":"Error al hacer test para crear un nuevo carrito: ReferenceError: cookie is not defined"},"timestamp":"2023-12-17T18:40:30.239Z"}
{"level":"error","message":{"error":"Error al cargar productos en el carrito: ReferenceError: cookie is not defined"},"timestamp":"2023-12-17T18:40:30.252Z"}
{"level":"error","message":{"error":"Error al comprar el carrito: ReferenceError: cookie is not defined"},"timestamp":"2023-12-17T18:40:30.258Z"}
{"level":"error","message":"users validation failed: age: Path `age` is required.","timestamp":"2023-12-17T18:47:17.444Z"}
{"level":"error","message":{"error":"Error al hacer test para registrar un usuario: AssertionError: expected { Object (_events, _eventsCount, ...) } to equal 200"},"timestamp":"2023-12-17T18:47:19.719Z"}
{"level":"error","message":{"error":"Error al hacer test para iniciar sessión con un usuario: AssertionError: expected undefined to equal 'Inicio de session exitoso'"},"timestamp":"2023-12-17T18:47:20.675Z"}
{"level":"error","message":{"error":"Error al hacer test para cerra la sessión del usuario: AssertionError: expected 'Ha finalizado la sessión' to equal 'Sesión cerrada con éxito'"},"timestamp":"2023-12-17T18:47:20.683Z"}
{"level":"error","message":"users validation failed: age: Path `age` is required.","timestamp":"2023-12-17T18:49:35.905Z"}
{"level":"error","message":{"error":"Error al hacer test para registrar un usuario: AssertionError: expected 500 to equal 200"},"timestamp":"2023-12-17T18:49:38.161Z"}
{"level":"error","message":{"error":"Error al hacer test para iniciar sessión con un usuario: AssertionError: expected undefined to equal 'Inicio de session exitoso'"},"timestamp":"2023-12-17T18:49:38.978Z"}
{"level":"error","message":{"error":"Error al hacer test para cerra la sessión del usuario: AssertionError: expected 'Ha finalizado la sessión' to equal 'Sesión cerrada con éxito'"},"timestamp":"2023-12-17T18:49:38.992Z"}
{"level":"error","message":"users validation failed: age: Path `age` is required.","timestamp":"2023-12-17T18:52:50.166Z"}
{"level":"error","message":{"error":"Error al hacer test para registrar un usuario: AssertionError: expected 500 to equal 200"},"timestamp":"2023-12-17T18:52:50.251Z"}
{"level":"error","message":{"error":"Error al hacer test para iniciar sessión con un usuario: AssertionError: expected undefined to equal 'Inicio de session exitoso'"},"timestamp":"2023-12-17T18:52:52.652Z"}
{"level":"error","message":{"error":"Error al hacer test para cerra la sessión del usuario: AssertionError: expected 'Ha finalizado la sessión' to equal 'Sesión cerrada con éxito'"},"timestamp":"2023-12-17T18:52:52.659Z"}
{"level":"error","message":{"error":"Error al hacer test para registrar un usuario: AssertionError: expected undefined to equal 'Usuario creado satisfactoriamente'"},"timestamp":"2023-12-17T19:05:44.885Z"}
{"level":"error","message":{"error":"Error al hacer test para iniciar sessión con un usuario: AssertionError: expected undefined to equal 'Inicio de session exitoso'"},"timestamp":"2023-12-17T19:05:47.378Z"}
{"level":"error","message":{"error":"Error al hacer test para cerra la sessión del usuario: AssertionError: expected 'Ha finalizado la sessión' to equal 'Sesión cerrada con éxito'"},"timestamp":"2023-12-17T19:05:47.385Z"}
